#
# A fatal error has been detected by the Java Runtime Environment:
#
#  EXCEPTION_ACCESS_VIOLATION (0xc0000005) at pc=0x000000006d408431, pid=11608, tid=0x00000000000023b0
#
# JRE version: Java(TM) SE Runtime Environment (8.0_171-b11) (build 1.8.0_171-b11)
# Java VM: Java HotSpot(TM) 64-Bit Server VM (25.171-b11 mixed mode windows-amd64 compressed oops)
# Problematic frame:
# C  0x000000006d408431
#
# Failed to write core dump. Minidumps are not enabled by default on client versions of Windows
#
# If you would like to submit a bug report, please visit:
#   http://bugreport.java.com/bugreport/crash.jsp
# The crash happened outside the Java Virtual Machine in native code.
# See problematic frame for where to report the bug.
#

---------------  T H R E A D  ---------------

Current thread (0x0000000017b94800):  JavaThread "AWT-EventQueue-0" [_thread_in_native, id=9136, stack(0x00000000189e0000,0x0000000018ae0000)]

siginfo: ExceptionCode=0xc0000005, reading address 0x00000000000000a0

Registers:
RAX=0x0000044816f4b816, RBX=0x0000000018add640, RCX=0x0000000000000000, RDX=0x0000000018add640
RSP=0x0000000018add5b0, RBP=0x000000001b1ae020, RSI=0x00000000924c1520, RDI=0x000000001b1ae420
R8 =0x0000000001222880, R9 =0x0000000000008000, R10=0x000000009273e380, R11=0x0000000000000000
R12=0x0000000000000000, R13=0x0000000000000000, R14=0x0000000018addb38, R15=0x0000000017b94800
RIP=0x000000006d408431, EFLAGS=0x0000000000010202

Top of Stack: (sp=0x0000000018add5b0)
0x0000000018add5b0:   0000000017b94800 0000000018addb38
0x0000000018add5c0:   00000000fc089c08 0000000000000005
0x0000000018add5d0:   0000000000000000 0000000000000000
0x0000000018add5e0:   00000000924c1520 00007ffd05d4d92b
0x0000000018add5f0:   0000000017b94800 0000000018addb38
0x0000000018add600:   00000000fc089c08 0000000000000000
0x0000000018add610:   000000001b1ae420 000000006d5b38f7
0x0000000018add620:   0000000018add6c0 000000001b1ae020
0x0000000018add630:   00000000924c1520 0000000000000200
0x0000000018add640:   0000000000000000 0000000000000000
0x0000000018add650:   000000009273ec90 0000044816f4b816
0x0000000018add660:   000000001b1ae420 000000006d5b17d0
0x0000000018add670:   00000000924c13d0 0000000018add6c0
0x0000000018add680:   000000001b1ae020 0000000000000000
0x0000000018add690:   000000001b1ae020 000000006d06b477
0x0000000018add6a0:   000000001b1ae020 0000000000000004 

Instructions: (pc=0x000000006d408431)
0x000000006d408411:   54 41 55 41 56 41 57 48 83 ec 40 48 c7 02 00 00
0x000000006d408421:   00 00 48 8b da 48 c7 42 08 00 00 00 00 4c 8b e9
0x000000006d408431:   48 8b 91 a0 00 00 00 44 8b a1 ac 00 00 00 49 c1
0x000000006d408441:   e4 04 4c 03 e2 49 3b d4 0f 84 ca 00 00 00 90 4c 


Register to memory mapping:

RAX=0x0000044816f4b816 is an unknown value
RBX=0x0000000018add640 is pointing into the stack for thread: 0x0000000017b94800
RCX=0x0000000000000000 is an unknown value
RDX=0x0000000018add640 is pointing into the stack for thread: 0x0000000017b94800
RSP=0x0000000018add5b0 is pointing into the stack for thread: 0x0000000017b94800
RBP=0x000000001b1ae020 is an unknown value
RSI=0x00000000924c1520 is an unknown value
RDI=0x000000001b1ae420 is an unknown value
R8 =0x0000000001222880 is an unknown value
R9 =0x0000000000008000 is an unknown value
R10=0x000000009273e380 is an unknown value
R11=0x0000000000000000 is an unknown value
R12=0x0000000000000000 is an unknown value
R13=0x0000000000000000 is an unknown value
R14=0x0000000018addb38 is pointing into the stack for thread: 0x0000000017b94800
R15=0x0000000017b94800 is a thread


Stack: [0x00000000189e0000,0x0000000018ae0000],  sp=0x0000000018add5b0,  free space=1013k
Native frames: (J=compiled Java code, j=interpreted, Vv=VM code, C=native code)
C  0x000000006d408431
C  0x000000006d5b38f7
C  0x000000006d5b17d0
C  0x000000006d06b477
C  0x000000006d06b9a6
C  0x000000006d11b96b
C  0x000000006d744077
C  0x0000000004aa2979

Java frames: (J=compiled Java code, j=interpreted, Vv=VM code)
J 7123  com.sun.webkit.WebPage.twkGetTextLocation(JI)[I (0 bytes) @ 0x0000000004aa28fb [0x0000000004aa28c0+0x3b]
J 7202 C2 sun.awt.windows.WInputMethod$1.run()V (120 bytes) @ 0x0000000003f5a224 [0x0000000003f59f60+0x2c4]
J 7161 C2 java.awt.event.InvocationEvent.dispatch()V (69 bytes) @ 0x0000000004ae3654 [0x0000000004ae3600+0x54]
J 7133 C2 java.awt.EventQueue$3.run()Ljava/lang/Object; (5 bytes) @ 0x0000000004ac7ce4 [0x0000000004ac7a20+0x2c4]
v  ~StubRoutines::call_stub
J 1601  java.security.AccessController.doPrivileged(Ljava/security/PrivilegedAction;Ljava/security/AccessControlContext;)Ljava/lang/Object; (0 bytes) @ 0x0000000003d21a66 [0x0000000003d21a00+0x66]
J 7191 C2 java.awt.EventQueue$4.run()Ljava/lang/Object; (5 bytes) @ 0x0000000004af41e8 [0x0000000004af4060+0x188]
v  ~StubRoutines::call_stub
J 1601  java.security.AccessController.doPrivileged(Ljava/security/PrivilegedAction;Ljava/security/AccessControlContext;)Ljava/lang/Object; (0 bytes) @ 0x0000000003d21a66 [0x0000000003d21a00+0x66]
J 7131 C2 java.awt.EventDispatchThread.pumpOneEventForFilters(I)V (190 bytes) @ 0x0000000004ace8f4 [0x0000000004acde00+0xaf4]
j  java.awt.EventDispatchThread.pumpEventsForFilter(ILjava/awt/Conditional;Ljava/awt/EventFilter;)V+35
j  java.awt.EventDispatchThread.pumpEventsForHierarchy(ILjava/awt/Conditional;Ljava/awt/Component;)V+11
j  java.awt.EventDispatchThread.pumpEvents(ILjava/awt/Conditional;)V+4
j  java.awt.EventDispatchThread.pumpEvents(Ljava/awt/Conditional;)V+3
j  java.awt.EventDispatchThread.run()V+9
v  ~StubRoutines::call_stub

---------------  P R O C E S S  ---------------

Java Threads: ( => current thread )
  0x00000000178e6000 JavaThread "QuickParameterListenerThread#29" [_thread_blocked, id=2556, stack(0x000000009c0b0000,0x000000009c1b0000)]
  0x00000000178e3000 JavaThread "QuickParameterListenerThread#28" [_thread_blocked, id=728, stack(0x000000009bfb0000,0x000000009c0b0000)]
  0x00000000178e5800 JavaThread "DT#2#27" [_thread_blocked, id=8840, stack(0x000000009b4b0000,0x000000009b5b0000)]
  0x00000000178e8800 JavaThread "DT#1#26" [_thread_blocked, id=6104, stack(0x000000009b3b0000,0x000000009b4b0000)]
  0x00000000178db800 JavaThread "QuickParameterListenerThread#25" [_thread_blocked, id=7036, stack(0x000000009b1b0000,0x000000009b2b0000)]
  0x00000000178e1000 JavaThread "QuickParameterListenerThread#24" [_thread_blocked, id=7960, stack(0x000000009b0b0000,0x000000009b1b0000)]
  0x00000000178e9000 JavaThread "DestroyJavaVM" [_thread_blocked, id=2448, stack(0x0000000003570000,0x0000000003670000)]
  0x00000000178e7000 JavaThread "Thread-12" daemon [_thread_in_native, id=4836, stack(0x000000009a6b0000,0x000000009a7b0000)]
  0x00000000178e1800 JavaThread "VersionDeleteThread#14" [_thread_blocked, id=12488, stack(0x0000000094000000,0x0000000094100000)]
  0x00000000178da000 JavaThread "StopDownloadThread#13" [_thread_blocked, id=3724, stack(0x0000000093e00000,0x0000000093f00000)]
  0x00000000178dc800 JavaThread "StartDownloadThread#12" [_thread_blocked, id=8248, stack(0x0000000093d00000,0x0000000093e00000)]
  0x00000000157f0000 JavaThread "LoopedThread#8" [_thread_blocked, id=7872, stack(0x0000000092ed0000,0x0000000092fd0000)]
  0x00000000157e6800 JavaThread "LoopedThread#7" [_thread_blocked, id=1780, stack(0x0000000092cb0000,0x0000000092db0000)]
  0x00000000157e8000 JavaThread "Disposer" daemon [_thread_blocked, id=12596, stack(0x0000000000110000,0x0000000000210000)]
  0x00000000157e3000 JavaThread "Prism Font Disposer" daemon [_thread_blocked, id=6044, stack(0x0000000000010000,0x0000000000110000)]
  0x0000000016631800 JavaThread "ComponentManagerRefresher#5" [_thread_blocked, id=2276, stack(0x00000000606d0000,0x00000000607d0000)]
  0x0000000016632800 JavaThread "Thread-9" daemon [_thread_in_native, id=6556, stack(0x0000000020470000,0x0000000020570000)]
  0x0000000016634000 JavaThread "JavaFX Application Thread" [_thread_in_native, id=716, stack(0x000000001be70000,0x000000001bf70000)]
  0x0000000016637000 JavaThread "Thread-8" daemon [_thread_blocked, id=3844, stack(0x000000001bd70000,0x000000001be70000)]
  0x0000000016631000 JavaThread "QuantumRenderer-0" daemon [_thread_blocked, id=13020, stack(0x000000001bc70000,0x000000001bd70000)]
  0x0000000016634800 JavaThread "MD#3" [_thread_blocked, id=13264, stack(0x000000001ba70000,0x000000001bb70000)]
  0x0000000016635800 JavaThread "QuickParameterListenerThread#2" [_thread_blocked, id=14280, stack(0x000000001b970000,0x000000001ba70000)]
  0x0000000016637800 JavaThread "QuickParameterListenerThread#1" [_thread_blocked, id=3968, stack(0x000000001b870000,0x000000001b970000)]
  0x00000000180dc800 JavaThread "Swing-Shell" daemon [_thread_blocked, id=14784, stack(0x000000001a6a0000,0x000000001a7a0000)]
  0x0000000017b95800 JavaThread "TimerQueue" daemon [_thread_blocked, id=552, stack(0x000000001a2a0000,0x000000001a3a0000)]
=>0x0000000017b94800 JavaThread "AWT-EventQueue-0" [_thread_in_native, id=9136, stack(0x00000000189e0000,0x0000000018ae0000)]
  0x0000000017658000 JavaThread "AWT-Shutdown" [_thread_blocked, id=6504, stack(0x00000000188e0000,0x00000000189e0000)]
  0x000000001623f000 JavaThread "AWT-Windows" daemon [_thread_in_native, id=10936, stack(0x0000000016b30000,0x0000000016c30000)]
  0x00000000161bf800 JavaThread "Java2D Disposer" daemon [_thread_blocked, id=13444, stack(0x0000000016930000,0x0000000016a30000)]
  0x00000000155f2000 JavaThread "Service Thread" daemon [_thread_blocked, id=12492, stack(0x0000000015e50000,0x0000000015f50000)]
  0x00000000155b5800 JavaThread "C1 CompilerThread2" daemon [_thread_blocked, id=2928, stack(0x0000000015d50000,0x0000000015e50000)]
  0x00000000141ad800 JavaThread "C2 CompilerThread1" daemon [_thread_blocked, id=13696, stack(0x0000000015c50000,0x0000000015d50000)]
  0x000000001416c800 JavaThread "C2 CompilerThread0" daemon [_thread_blocked, id=14132, stack(0x0000000015b50000,0x0000000015c50000)]
  0x000000001416a800 JavaThread "Attach Listener" daemon [_thread_blocked, id=5308, stack(0x0000000015a50000,0x0000000015b50000)]
  0x0000000015593800 JavaThread "Signal Dispatcher" daemon [_thread_blocked, id=9724, stack(0x0000000015950000,0x0000000015a50000)]
  0x000000001413a800 JavaThread "Finalizer" daemon [_thread_blocked, id=15264, stack(0x00000000153c0000,0x00000000154c0000)]
  0x0000000003762000 JavaThread "Reference Handler" daemon [_thread_blocked, id=7072, stack(0x00000000152c0000,0x00000000153c0000)]

Other Threads:
  0x0000000014117000 VMThread [stack: 0x00000000151c0000,0x00000000152c0000] [id=13760]
  0x00000000155f3000 WatcherThread [stack: 0x0000000015f50000,0x0000000016050000] [id=8772]

VM state:not at safepoint (normal execution)

VM Mutex/Monitor currently owned by a thread: None

Heap:
 PSYoungGen      total 75776K, used 22569K [0x00000000fab00000, 0x00000000fff00000, 0x0000000100000000)
  eden space 65024K, 34% used [0x00000000fab00000,0x00000000fc10a700,0x00000000fea80000)
  from space 10752K, 0% used [0x00000000fea80000,0x00000000fea80000,0x00000000ff500000)
  to   space 10240K, 0% used [0x00000000ff500000,0x00000000ff500000,0x00000000fff00000)
 ParOldGen       total 126464K, used 38185K [0x00000000f0000000, 0x00000000f7b80000, 0x00000000fab00000)
  object space 126464K, 30% used [0x00000000f0000000,0x00000000f254a430,0x00000000f7b80000)
 Metaspace       used 42835K, capacity 43858K, committed 43992K, reserved 1087488K
  class space    used 6249K, capacity 6480K, committed 6528K, reserved 1048576K

Card table byte_map: [0x00000000030b0000,0x0000000003140000] byte_map_base: 0x0000000002930000

Marking Bits: (ParMarkBitMap*) 0x0000000070b408c0
 Begin Bits: [0x0000000012f30000, 0x0000000013330000)
 End Bits:   [0x0000000013330000, 0x0000000013730000)

Polling page: 0x00000000012c0000

CodeCache: size=245760Kb used=19958Kb max_used=19958Kb free=225801Kb
 bounds [0x0000000003770000, 0x0000000004b20000, 0x0000000012770000]
 total_blobs=7076 nmethods=6157 adapters=829
 compilation: enabled

Compilation events (10 events):
Event: 337.461 Thread 0x00000000155b5800 7218       3       com.sun.prism.impl.BaseTexture::checkUpdateParams (587 bytes)
Event: 337.474 Thread 0x00000000155b5800 nmethod 7218 0x0000000004b04e10 code [0x0000000004b05780, 0x0000000004b0c6e8]
Event: 337.474 Thread 0x00000000155b5800 7219       3       com.sun.prism.d3d.D3DTexture::update (216 bytes)
Event: 337.477 Thread 0x00000000155b5800 nmethod 7219 0x0000000004b10810 code [0x0000000004b10c20, 0x0000000004b13d98]
Event: 337.488 Thread 0x00000000155b5800 7220       1       com.sun.javafx.webkit.prism.WCImageDecoderImpl$Frame::getFrame (5 bytes)
Event: 337.488 Thread 0x00000000155b5800 nmethod 7220 0x0000000003d215d0 code [0x0000000003d21720, 0x0000000003d21830]
Event: 337.488 Thread 0x00000000155b5800 7221       3       com.sun.javafx.webkit.prism.WCGraphicsPrismContext$ContextState::access$300 (6 bytes)
Event: 337.489 Thread 0x00000000155b5800 nmethod 7221 0x0000000003d29fd0 code [0x0000000003d2a140, 0x0000000003d2a328]
Event: 337.489 Thread 0x00000000155b5800 7222       3       com.sun.javafx.webkit.prism.WCGraphicsPrismContext$ContextState::setTransform (9 bytes)
Event: 337.489 Thread 0x00000000155b5800 nmethod 7222 0x0000000003d211d0 code [0x0000000003d21340, 0x0000000003d214e8]

GC Heap History (10 events):
Event: 61.868 GC heap before
{Heap before GC invocations=20 (full 2):
 PSYoungGen      total 75264K, used 65568K [0x00000000fab00000, 0x0000000100000000, 0x0000000100000000)
  eden space 63488K, 100% used [0x00000000fab00000,0x00000000fe900000,0x00000000fe900000)
  from space 11776K, 17% used [0x00000000fe900000,0x00000000feb08260,0x00000000ff480000)
  to   space 11776K, 0% used [0x00000000ff480000,0x00000000ff480000,0x0000000100000000)
 ParOldGen       total 71168K, used 42472K [0x00000000f0000000, 0x00000000f4580000, 0x00000000fab00000)
  object space 71168K, 59% used [0x00000000f0000000,0x00000000f297a378,0x00000000f4580000)
 Metaspace       used 42134K, capacity 43114K, committed 43392K, reserved 1085440K
  class space    used 6193K, capacity 6410K, committed 6528K, reserved 1048576K
Event: 61.878 GC heap after
Heap after GC invocations=20 (full 2):
 PSYoungGen      total 74240K, used 1715K [0x00000000fab00000, 0x00000000fff00000, 0x0000000100000000)
  eden space 63488K, 0% used [0x00000000fab00000,0x00000000fab00000,0x00000000fe900000)
  from space 10752K, 15% used [0x00000000ff480000,0x00000000ff62cf80,0x00000000fff00000)
  to   space 11264K, 0% used [0x00000000fe900000,0x00000000fe900000,0x00000000ff400000)
 ParOldGen       total 71168K, used 44451K [0x00000000f0000000, 0x00000000f4580000, 0x00000000fab00000)
  object space 71168K, 62% used [0x00000000f0000000,0x00000000f2b68d28,0x00000000f4580000)
 Metaspace       used 42134K, capacity 43114K, committed 43392K, reserved 1085440K
  class space    used 6193K, capacity 6410K, committed 6528K, reserved 1048576K
}
Event: 81.142 GC heap before
{Heap before GC invocations=21 (full 2):
 PSYoungGen      total 74240K, used 65203K [0x00000000fab00000, 0x00000000fff00000, 0x0000000100000000)
  eden space 63488K, 100% used [0x00000000fab00000,0x00000000fe900000,0x00000000fe900000)
  from space 10752K, 15% used [0x00000000ff480000,0x00000000ff62cf80,0x00000000fff00000)
  to   space 11264K, 0% used [0x00000000fe900000,0x00000000fe900000,0x00000000ff400000)
 ParOldGen       total 71168K, used 44451K [0x00000000f0000000, 0x00000000f4580000, 0x00000000fab00000)
  object space 71168K, 62% used [0x00000000f0000000,0x00000000f2b68d28,0x00000000f4580000)
 Metaspace       used 42441K, capacity 43474K, committed 43648K, reserved 1087488K
  class space    used 6209K, capacity 6442K, committed 6528K, reserved 1048576K
Event: 81.146 GC heap after
Heap after GC invocations=21 (full 2):
 PSYoungGen      total 74752K, used 1000K [0x00000000fab00000, 0x00000000fff80000, 0x0000000100000000)
  eden space 63488K, 0% used [0x00000000fab00000,0x00000000fab00000,0x00000000fe900000)
  from space 11264K, 8% used [0x00000000fe900000,0x00000000fe9fa010,0x00000000ff400000)
  to   space 10752K, 0% used [0x00000000ff500000,0x00000000ff500000,0x00000000fff80000)
 ParOldGen       total 71168K, used 45644K [0x00000000f0000000, 0x00000000f4580000, 0x00000000fab00000)
  object space 71168K, 64% used [0x00000000f0000000,0x00000000f2c930a0,0x00000000f4580000)
 Metaspace       used 42441K, capacity 43474K, committed 43648K, reserved 1087488K
  class space    used 6209K, capacity 6442K, committed 6528K, reserved 1048576K
}
Event: 122.908 GC heap before
{Heap before GC invocations=22 (full 2):
 PSYoungGen      total 74752K, used 64488K [0x00000000fab00000, 0x00000000fff80000, 0x0000000100000000)
  eden space 63488K, 100% used [0x00000000fab00000,0x00000000fe900000,0x00000000fe900000)
  from space 11264K, 8% used [0x00000000fe900000,0x00000000fe9fa010,0x00000000ff400000)
  to   space 10752K, 0% used [0x00000000ff500000,0x00000000ff500000,0x00000000fff80000)
 ParOldGen       total 71168K, used 45644K [0x00000000f0000000, 0x00000000f4580000, 0x00000000fab00000)
  object space 71168K, 64% used [0x00000000f0000000,0x00000000f2c930a0,0x00000000f4580000)
 Metaspace       used 42559K, capacity 43486K, committed 43648K, reserved 1087488K
  class space    used 6211K, capacity 6444K, committed 6528K, reserved 1048576K
Event: 122.914 GC heap after
Heap after GC invocations=22 (full 2):
 PSYoungGen      total 75776K, used 1040K [0x00000000fab00000, 0x00000000fff80000, 0x0000000100000000)
  eden space 65024K, 0% used [0x00000000fab00000,0x00000000fab00000,0x00000000fea80000)
  from space 10752K, 9% used [0x00000000ff500000,0x00000000ff604048,0x00000000fff80000)
  to   space 10752K, 0% used [0x00000000fea80000,0x00000000fea80000,0x00000000ff500000)
 ParOldGen       total 71168K, used 45966K [0x00000000f0000000, 0x00000000f4580000, 0x00000000fab00000)
  object space 71168K, 64% used [0x00000000f0000000,0x00000000f2ce3b50,0x00000000f4580000)
 Metaspace       used 42559K, capacity 43486K, committed 43648K, reserved 1087488K
  class space    used 6211K, capacity 6444K, committed 6528K, reserved 1048576K
}
Event: 125.693 GC heap before
{Heap before GC invocations=23 (full 2):
 PSYoungGen      total 75776K, used 4068K [0x00000000fab00000, 0x00000000fff80000, 0x0000000100000000)
  eden space 65024K, 4% used [0x00000000fab00000,0x00000000fadf5138,0x00000000fea80000)
  from space 10752K, 9% used [0x00000000ff500000,0x00000000ff604048,0x00000000fff80000)
  to   space 10752K, 0% used [0x00000000fea80000,0x00000000fea80000,0x00000000ff500000)
 ParOldGen       total 71168K, used 45966K [0x00000000f0000000, 0x00000000f4580000, 0x00000000fab00000)
  object space 71168K, 64% used [0x00000000f0000000,0x00000000f2ce3b50,0x00000000f4580000)
 Metaspace       used 42719K, capacity 43652K, committed 43736K, reserved 1087488K
  class space    used 6236K, capacity 6477K, committed 6528K, reserved 1048576K
Event: 125.696 GC heap after
Heap after GC invocations=23 (full 2):
 PSYoungGen      total 75776K, used 128K [0x00000000fab00000, 0x00000000fff00000, 0x0000000100000000)
  eden space 65024K, 0% used [0x00000000fab00000,0x00000000fab00000,0x00000000fea80000)
  from space 10752K, 1% used [0x00000000fea80000,0x00000000feaa0000,0x00000000ff500000)
  to   space 10240K, 0% used [0x00000000ff500000,0x00000000ff500000,0x00000000fff00000)
 ParOldGen       total 71168K, used 47230K [0x00000000f0000000, 0x00000000f4580000, 0x00000000fab00000)
  object space 71168K, 66% used [0x00000000f0000000,0x00000000f2e1fbd8,0x00000000f4580000)
 Metaspace       used 42719K, capacity 43652K, committed 43736K, reserved 1087488K
  class space    used 6236K, capacity 6477K, committed 6528K, reserved 1048576K
}
Event: 125.696 GC heap before
{Heap before GC invocations=24 (full 3):
 PSYoungGen      total 75776K, used 128K [0x00000000fab00000, 0x00000000fff00000, 0x0000000100000000)
  eden space 65024K, 0% used [0x00000000fab00000,0x00000000fab00000,0x00000000fea80000)
  from space 10752K, 1% used [0x00000000fea80000,0x00000000feaa0000,0x00000000ff500000)
  to   space 10240K, 0% used [0x00000000ff500000,0x00000000ff500000,0x00000000fff00000)
 ParOldGen       total 71168K, used 47230K [0x00000000f0000000, 0x00000000f4580000, 0x00000000fab00000)
  object space 71168K, 66% used [0x00000000f0000000,0x00000000f2e1fbd8,0x00000000f4580000)
 Metaspace       used 42719K, capacity 43652K, committed 43736K, reserved 1087488K
  class space    used 6236K, capacity 6477K, committed 6528K, reserved 1048576K
Event: 125.898 GC heap after
Heap after GC invocations=24 (full 3):
 PSYoungGen      total 75776K, used 0K [0x00000000fab00000, 0x00000000fff00000, 0x0000000100000000)
  eden space 65024K, 0% used [0x00000000fab00000,0x00000000fab00000,0x00000000fea80000)
  from space 10752K, 0% used [0x00000000fea80000,0x00000000fea80000,0x00000000ff500000)
  to   space 10240K, 0% used [0x00000000ff500000,0x00000000ff500000,0x00000000fff00000)
 ParOldGen       total 126464K, used 38185K [0x00000000f0000000, 0x00000000f7b80000, 0x00000000fab00000)
  object space 126464K, 30% used [0x00000000f0000000,0x00000000f254a430,0x00000000f7b80000)
 Metaspace       used 42719K, capacity 43652K, committed 43736K, reserved 1087488K
  class space    used 6236K, capacity 6477K, committed 6528K, reserved 1048576K
}

Deoptimization events (10 events):
Event: 70.278 Thread 0x00000000157e6800 Uncommon trap: reason=bimorphic action=maybe_recompile pc=0x0000000003c025f4 method=java.io.DataOutputStream.writeByte(I)V @ 5
Event: 70.279 Thread 0x00000000157e6800 Uncommon trap: reason=bimorphic action=maybe_recompile pc=0x0000000003a6d5c8 method=java.io.DataOutputStream.write([BII)V @ 7
Event: 70.279 Thread 0x00000000157e6800 Uncommon trap: reason=bimorphic action=maybe_recompile pc=0x0000000003c025f4 method=java.io.DataOutputStream.writeByte(I)V @ 5
Event: 70.279 Thread 0x00000000157e6800 Uncommon trap: reason=bimorphic action=maybe_recompile pc=0x0000000003a6d5c8 method=java.io.DataOutputStream.write([BII)V @ 7
Event: 70.279 Thread 0x00000000157e6800 Uncommon trap: reason=bimorphic action=maybe_recompile pc=0x0000000003c025f4 method=java.io.DataOutputStream.writeByte(I)V @ 5
Event: 70.280 Thread 0x00000000157e6800 Uncommon trap: reason=bimorphic action=maybe_recompile pc=0x0000000003c025f4 method=java.io.DataOutputStream.writeByte(I)V @ 5
Event: 70.280 Thread 0x00000000157e6800 Uncommon trap: reason=bimorphic action=maybe_recompile pc=0x0000000003a6d5c8 method=java.io.DataOutputStream.write([BII)V @ 7
Event: 70.280 Thread 0x00000000157e6800 Uncommon trap: reason=bimorphic action=maybe_recompile pc=0x0000000003a6d5c8 method=java.io.DataOutputStream.write([BII)V @ 7
Event: 80.024 Thread 0x00000000178df800 Uncommon trap: reason=unstable_if action=reinterpret pc=0x000000000405ec24 method=java.util.concurrent.locks.LockSupport.unpark(Ljava/lang/Thread;)V @ 1
Event: 125.922 Thread 0x0000000016634000 Uncommon trap: reason=unstable_if action=reinterpret pc=0x00000000048d7bc4 method=com.sun.scenario.animation.AbstractMasterTimer.timePulseImpl(J)V @ 50

Classes redefined (0 events):
No events

Internal exceptions (10 events):
Event: 116.753 Thread 0x00000000178df800 Exception <a 'java/io/IOException'> (0x00000000fe1c56d8) thrown at [C:\re\workspace\8-2-build-windows-amd64-cygwin\jdk8u171\10807\hotspot\src\share\vm\prims\jni.cpp, line 709]
Event: 116.753 Thread 0x00000000178df800 Exception <a 'java/io/IOException'> (0x00000000fe1c5990) thrown at [C:\re\workspace\8-2-build-windows-amd64-cygwin\jdk8u171\10807\hotspot\src\share\vm\prims\jni.cpp, line 709]
Event: 116.753 Thread 0x00000000178df800 Exception <a 'java/io/IOException'> (0x00000000fe1c5c48) thrown at [C:\re\workspace\8-2-build-windows-amd64-cygwin\jdk8u171\10807\hotspot\src\share\vm\prims\jni.cpp, line 709]
Event: 116.753 Thread 0x00000000178df800 Exception <a 'java/io/IOException'> (0x00000000fe1c5f00) thrown at [C:\re\workspace\8-2-build-windows-amd64-cygwin\jdk8u171\10807\hotspot\src\share\vm\prims\jni.cpp, line 709]
Event: 116.753 Thread 0x00000000178df800 Exception <a 'java/io/IOException'> (0x00000000fe1c61b8) thrown at [C:\re\workspace\8-2-build-windows-amd64-cygwin\jdk8u171\10807\hotspot\src\share\vm\prims\jni.cpp, line 709]
Event: 116.753 Thread 0x00000000178df800 Exception <a 'java/io/IOException'> (0x00000000fe1c6470) thrown at [C:\re\workspace\8-2-build-windows-amd64-cygwin\jdk8u171\10807\hotspot\src\share\vm\prims\jni.cpp, line 709]
Event: 116.753 Thread 0x00000000178df800 Exception <a 'java/io/IOException'> (0x00000000fe1c6728) thrown at [C:\re\workspace\8-2-build-windows-amd64-cygwin\jdk8u171\10807\hotspot\src\share\vm\prims\jni.cpp, line 709]
Event: 116.753 Thread 0x00000000178df800 Exception <a 'java/io/IOException'> (0x00000000fe1c69e0) thrown at [C:\re\workspace\8-2-build-windows-amd64-cygwin\jdk8u171\10807\hotspot\src\share\vm\prims\jni.cpp, line 709]
Event: 116.754 Thread 0x00000000178df800 Exception <a 'java/io/IOException'> (0x00000000fe1cae20) thrown at [C:\re\workspace\8-2-build-windows-amd64-cygwin\jdk8u171\10807\hotspot\src\share\vm\prims\jni.cpp, line 709]
Event: 116.754 Thread 0x00000000178df800 Exception <a 'java/io/IOException'> (0x00000000fe1cb0d8) thrown at [C:\re\workspace\8-2-build-windows-amd64-cygwin\jdk8u171\10807\hotspot\src\share\vm\prims\jni.cpp, line 709]

Events (10 events):
Event: 337.326 Thread 0x00000000141ad800 flushing nmethod 0x00000000044c8a10
Event: 337.344 Thread 0x00000000141ad800 flushing nmethod 0x00000000044dd950
Event: 337.453 Executing VM operation: RevokeBias
Event: 337.453 Executing VM operation: RevokeBias done
Event: 337.453 Thread 0x00000000155b5800 flushing nmethod 0x0000000004808010
Event: 337.453 Thread 0x00000000155b5800 flushing nmethod 0x0000000004813810
Event: 337.454 Executing VM operation: RevokeBias
Event: 337.454 Executing VM operation: RevokeBias done
Event: 337.486 Executing VM operation: BulkRevokeBias
Event: 337.486 Executing VM operation: BulkRevokeBias done


Dynamic libraries:
0x00007ff63c2f0000 - 0x00007ff63c327000 	C:\Program Files\Java\jre1.8.0_171\bin\javaw.exe
0x00007ffd08ab0000 - 0x00007ffd08c91000 	C:\WINDOWS\SYSTEM32\ntdll.dll
0x00007ffd07120000 - 0x00007ffd071d2000 	C:\WINDOWS\System32\KERNEL32.DLL
0x00007ffd05330000 - 0x00007ffd055a3000 	C:\WINDOWS\System32\KERNELBASE.dll
0x00007ffd07440000 - 0x00007ffd074e1000 	C:\WINDOWS\System32\ADVAPI32.dll
0x00007ffd06330000 - 0x00007ffd063ce000 	C:\WINDOWS\System32\msvcrt.dll
0x00007ffd05f70000 - 0x00007ffd05fcb000 	C:\WINDOWS\System32\sechost.dll
0x00007ffd071e0000 - 0x00007ffd07304000 	C:\WINDOWS\System32\RPCRT4.dll
0x00007ffd06a60000 - 0x00007ffd06bf0000 	C:\WINDOWS\System32\USER32.dll
0x00007ffd05120000 - 0x00007ffd05140000 	C:\WINDOWS\System32\win32u.dll
0x00007ffd05f40000 - 0x00007ffd05f68000 	C:\WINDOWS\System32\GDI32.dll
0x00007ffd04e80000 - 0x00007ffd05012000 	C:\WINDOWS\System32\gdi32full.dll
0x00007ffd05e40000 - 0x00007ffd05edf000 	C:\WINDOWS\System32\msvcp_win.dll
0x00007ffd05d40000 - 0x00007ffd05e3a000 	C:\WINDOWS\System32\ucrtbase.dll
0x00007ffcf6930000 - 0x00007ffcf6b99000 	C:\WINDOWS\WinSxS\amd64_microsoft.windows.common-controls_6595b64144ccf1df_6.0.17134.407_none_fb449d63306391e9\COMCTL32.dll
0x00007ffd06bf0000 - 0x00007ffd06f12000 	C:\WINDOWS\System32\combase.dll
0x00007ffd05cc0000 - 0x00007ffd05d3a000 	C:\WINDOWS\System32\bcryptPrimitives.dll
0x00007ffd08a50000 - 0x00007ffd08a7d000 	C:\WINDOWS\System32\IMM32.DLL
0x0000000070bc0000 - 0x0000000070c92000 	C:\Program Files\Java\jre1.8.0_171\bin\msvcr100.dll
0x0000000070320000 - 0x0000000070bc0000 	C:\Program Files\Java\jre1.8.0_171\bin\server\jvm.dll
0x00007ffd06320000 - 0x00007ffd06328000 	C:\WINDOWS\System32\PSAPI.DLL
0x00007ffcf5080000 - 0x00007ffcf508a000 	C:\WINDOWS\SYSTEM32\VERSION.dll
0x00007ffd039d0000 - 0x00007ffd039d9000 	C:\WINDOWS\SYSTEM32\WSOCK32.dll
0x00007ffcfcfd0000 - 0x00007ffcfcff3000 	C:\WINDOWS\SYSTEM32\WINMM.dll
0x00007ffd07310000 - 0x00007ffd0737c000 	C:\WINDOWS\System32\WS2_32.dll
0x00007ffcfcfa0000 - 0x00007ffcfcfca000 	C:\WINDOWS\SYSTEM32\WINMMBASE.dll
0x00007ffd05020000 - 0x00007ffd05069000 	C:\WINDOWS\System32\cfgmgr32.dll
0x0000000070310000 - 0x000000007031f000 	C:\Program Files\Java\jre1.8.0_171\bin\verify.dll
0x00000000702e0000 - 0x0000000070309000 	C:\Program Files\Java\jre1.8.0_171\bin\java.dll
0x00000000702c0000 - 0x00000000702d6000 	C:\Program Files\Java\jre1.8.0_171\bin\zip.dll
0x00007ffd07610000 - 0x00007ffd08a4f000 	C:\WINDOWS\System32\SHELL32.dll
0x00007ffd07560000 - 0x00007ffd07609000 	C:\WINDOWS\System32\shcore.dll
0x00007ffd055b0000 - 0x00007ffd05cbd000 	C:\WINDOWS\System32\windows.storage.dll
0x00007ffd05fd0000 - 0x00007ffd06021000 	C:\WINDOWS\System32\shlwapi.dll
0x00007ffd04de0000 - 0x00007ffd04df1000 	C:\WINDOWS\System32\kernel.appcore.dll
0x00007ffd04e60000 - 0x00007ffd04e7f000 	C:\WINDOWS\System32\profapi.dll
0x00007ffd04e00000 - 0x00007ffd04e4c000 	C:\WINDOWS\System32\powrprof.dll
0x00007ffd04e50000 - 0x00007ffd04e5a000 	C:\WINDOWS\System32\FLTLIB.DLL
0x0000000070120000 - 0x00000000702b8000 	C:\Program Files\Java\jre1.8.0_171\bin\awt.dll
0x00007ffd06540000 - 0x00007ffd06602000 	C:\WINDOWS\System32\OLEAUT32.dll
0x00007ffd025c0000 - 0x00007ffd0264b000 	C:\WINDOWS\SYSTEM32\apphelp.dll
0x00007ffd02740000 - 0x00007ffd027d8000 	C:\WINDOWS\system32\uxtheme.dll
0x00007ffd06030000 - 0x00007ffd061a3000 	C:\WINDOWS\System32\MSCTF.dll
0x00007ffd03190000 - 0x00007ffd031b9000 	C:\WINDOWS\system32\dwmapi.dll
0x00007ffd061b0000 - 0x00007ffd06301000 	C:\WINDOWS\System32\ole32.dll
0x00007ffd047f0000 - 0x00007ffd04807000 	C:\WINDOWS\SYSTEM32\CRYPTSP.dll
0x00007ffd04220000 - 0x00007ffd04253000 	C:\WINDOWS\system32\rsaenh.dll
0x00007ffd04920000 - 0x00007ffd04945000 	C:\WINDOWS\SYSTEM32\bcrypt.dll
0x00007ffd04cf0000 - 0x00007ffd04d18000 	C:\WINDOWS\SYSTEM32\USERENV.dll
0x00007ffd04810000 - 0x00007ffd0481b000 	C:\WINDOWS\SYSTEM32\CRYPTBASE.dll
0x0000000070100000 - 0x000000007011a000 	C:\Program Files\Java\jre1.8.0_171\bin\net.dll
0x00007ffd04640000 - 0x00007ffd046a6000 	C:\WINDOWS\system32\mswsock.dll
0x00007ffd043c0000 - 0x00007ffd043f8000 	C:\WINDOWS\SYSTEM32\IPHLPAPI.DLL
0x00007ffd06310000 - 0x00007ffd06318000 	C:\WINDOWS\System32\NSI.dll
0x00007ffcfd5c0000 - 0x00007ffcfd5d6000 	C:\WINDOWS\SYSTEM32\dhcpcsvc6.DLL
0x00007ffcfd9d0000 - 0x00007ffcfd9ea000 	C:\WINDOWS\SYSTEM32\dhcpcsvc.DLL
0x00000000700e0000 - 0x00000000700f1000 	C:\Program Files\Java\jre1.8.0_171\bin\nio.dll
0x0000000070090000 - 0x00000000700d7000 	C:\Program Files\Java\jre1.8.0_171\bin\fontmanager.dll
0x00007ffcec940000 - 0x00007ffceca60000 	C:\WINDOWS\system32\opengl32.dll
0x00007ffcfc9a0000 - 0x00007ffcfc9cc000 	C:\WINDOWS\SYSTEM32\GLU32.dll
0x00007ffcf5520000 - 0x00007ffcf558b000 	C:\WINDOWS\system32\Oleacc.dll
0x0000000070080000 - 0x000000007008d000 	C:\Program Files\Java\jre1.8.0_171\bin\management.dll
0x0000000070030000 - 0x0000000070072000 	C:\Program Files\Java\jre1.8.0_171\bin\t2k.dll
0x00007ffcfa940000 - 0x00007ffcfa956000 	C:\WINDOWS\system32\napinsp.dll
0x00007ffceca90000 - 0x00007ffcecaaa000 	C:\WINDOWS\system32\pnrpnsp.dll
0x00007ffd02410000 - 0x00007ffd02429000 	C:\WINDOWS\system32\NLAapi.dll
0x00007ffd04400000 - 0x00007ffd044be000 	C:\WINDOWS\SYSTEM32\DNSAPI.dll
0x00007ffcfdc80000 - 0x00007ffcfdc8e000 	C:\WINDOWS\System32\winrnr.dll
0x00007ffcfdce0000 - 0x00007ffcfdcf5000 	C:\WINDOWS\System32\wshbth.dll
0x00007ffcf6490000 - 0x00007ffcf6502000 	C:\WINDOWS\System32\fwpuclnt.dll
0x00007ffcf6460000 - 0x00007ffcf646a000 	C:\Windows\System32\rasadhlp.dll
0x00007ffcf5590000 - 0x00007ffcf5637000 	C:\WINDOWS\WinSxS\amd64_microsoft.windows.common-controls_6595b64144ccf1df_5.82.17134.407_none_f94e16e330999300\comctl32.dll
0x00007ffd07380000 - 0x00007ffd07420000 	C:\WINDOWS\System32\clbcatq.dll
0x00007ffd02af0000 - 0x00007ffd02ca4000 	C:\WINDOWS\system32\propsys.dll
0x00007ffcd79c0000 - 0x00007ffcd7ae7000 	C:\WINDOWS\system32\NetworkExplorer.dll
0x00007ffcf8970000 - 0x00007ffcf900b000 	C:\Windows\System32\OneCoreUAPCommonProxyStub.dll
0x00007ffcfb900000 - 0x00007ffcfbaae000 	C:\WINDOWS\SYSTEM32\WindowsCodecs.dll
0x00007ffce1b20000 - 0x00007ffce1b7c000 	C:\Windows\System32\thumbcache.dll
0x00007ffd00e00000 - 0x00007ffd00e7f000 	C:\WINDOWS\SYSTEM32\policymanager.dll
0x00007ffd00d50000 - 0x00007ffd00de1000 	C:\WINDOWS\SYSTEM32\msvcp110_win.dll
0x00007ffd00170000 - 0x00007ffd0018a000 	C:\WINDOWS\SYSTEM32\MPR.dll
0x00007ffcf57b0000 - 0x00007ffcf57bb000 	C:\WINDOWS\System32\drprov.dll
0x00007ffd03f20000 - 0x00007ffd03f76000 	C:\WINDOWS\System32\WINSTA.dll
0x00007ffcd99b0000 - 0x00007ffcd99c6000 	C:\WINDOWS\System32\ntlanman.dll
0x00007ffcd9820000 - 0x00007ffcd983d000 	C:\WINDOWS\System32\davclnt.dll
0x00007ffcefcc0000 - 0x00007ffcefccc000 	C:\WINDOWS\System32\DAVHLPR.dll
0x00007ffcffcd0000 - 0x00007ffcffce7000 	C:\WINDOWS\System32\wkscli.dll
0x00007ffcf0c00000 - 0x00007ffcf0c12000 	C:\WINDOWS\SYSTEM32\cscapi.dll
0x00007ffd044c0000 - 0x00007ffd044ce000 	C:\WINDOWS\System32\netutils.dll
0x00007ffcd5a90000 - 0x00007ffcd5ada000 	C:\Windows\System32\dlnashext.dll
0x00007ffcd4770000 - 0x00007ffcd47d3000 	C:\Windows\System32\PlayToDevice.dll
0x00007ffce4530000 - 0x00007ffce454e000 	C:\Windows\System32\DevDispItemProvider.dll
0x00007ffcfd400000 - 0x00007ffcfd476000 	C:\WINDOWS\System32\MMDevApi.dll
0x00007ffd04bd0000 - 0x00007ffd04bf7000 	C:\WINDOWS\System32\DEVOBJ.dll
0x00007ffcd2860000 - 0x00007ffcd2a41000 	C:\WINDOWS\system32\wpdshext.dll
0x00007ffcf66c0000 - 0x00007ffcf685a000 	C:\WINDOWS\WinSxS\amd64_microsoft.windows.gdiplus_6595b64144ccf1df_1.1.17134.407_none_2c2f90488af60bb7\gdiplus.dll
0x00007ffcd6bd0000 - 0x00007ffcd6c6c000 	C:\Windows\System32\PortableDeviceApi.dll
0x00007ffd06610000 - 0x00007ffd06a5b000 	C:\WINDOWS\System32\SETUPAPI.dll
0x00007ffd05ee0000 - 0x00007ffd05f37000 	C:\WINDOWS\System32\WINTRUST.dll
0x00007ffd04dc0000 - 0x00007ffd04dd2000 	C:\WINDOWS\System32\MSASN1.dll
0x00007ffd05140000 - 0x00007ffd05322000 	C:\WINDOWS\System32\CRYPT32.dll
0x00007ffd02ac0000 - 0x00007ffd02af0000 	C:\Windows\System32\PortableDeviceTypes.dll
0x00007ffce31a0000 - 0x00007ffce31d7000 	C:\Windows\System32\EhStorShell.dll
0x00007ffcdcb90000 - 0x00007ffcdcbb5000 	C:\Windows\System32\EhStorAPI.dll
0x00007ffd039b0000 - 0x00007ffd039c3000 	C:\Windows\System32\WTSAPI32.dll
0x00007ffcf5780000 - 0x00007ffcf578d000 	C:\WINDOWS\SYSTEM32\LINKINFO.dll
0x000000001ad30000 - 0x000000001ad33000 	C:\Program Files\Java\jre1.8.0_171\bin\api-ms-win-core-console-l1-1-0.dll
0x000000001ad40000 - 0x000000001ad43000 	C:\Program Files\Java\jre1.8.0_171\bin\api-ms-win-core-datetime-l1-1-0.dll
0x000000001ad50000 - 0x000000001ad53000 	C:\Program Files\Java\jre1.8.0_171\bin\api-ms-win-core-debug-l1-1-0.dll
0x000000001ad60000 - 0x000000001ad63000 	C:\Program Files\Java\jre1.8.0_171\bin\api-ms-win-core-errorhandling-l1-1-0.dll
0x000000001ad70000 - 0x000000001ad74000 	C:\Program Files\Java\jre1.8.0_171\bin\api-ms-win-core-file-l1-1-0.dll
0x000000001ad80000 - 0x000000001ad83000 	C:\Program Files\Java\jre1.8.0_171\bin\api-ms-win-core-file-l1-2-0.dll
0x000000001ad90000 - 0x000000001ad93000 	C:\Program Files\Java\jre1.8.0_171\bin\api-ms-win-core-file-l2-1-0.dll
0x000000001ada0000 - 0x000000001ada3000 	C:\Program Files\Java\jre1.8.0_171\bin\api-ms-win-core-handle-l1-1-0.dll
0x000000001adb0000 - 0x000000001adb3000 	C:\Program Files\Java\jre1.8.0_171\bin\api-ms-win-core-heap-l1-1-0.dll
0x000000001adc0000 - 0x000000001adc3000 	C:\Program Files\Java\jre1.8.0_171\bin\api-ms-win-core-interlocked-l1-1-0.dll
0x000000001add0000 - 0x000000001add3000 	C:\Program Files\Java\jre1.8.0_171\bin\api-ms-win-core-libraryloader-l1-1-0.dll
0x000000001ade0000 - 0x000000001ade3000 	C:\Program Files\Java\jre1.8.0_171\bin\api-ms-win-core-localization-l1-2-0.dll
0x000000001adf0000 - 0x000000001adf3000 	C:\Program Files\Java\jre1.8.0_171\bin\api-ms-win-core-memory-l1-1-0.dll
0x000000001ae00000 - 0x000000001ae03000 	C:\Program Files\Java\jre1.8.0_171\bin\api-ms-win-core-namedpipe-l1-1-0.dll
0x000000001ae10000 - 0x000000001ae13000 	C:\Program Files\Java\jre1.8.0_171\bin\api-ms-win-core-processenvironment-l1-1-0.dll
0x000000001ae20000 - 0x000000001ae23000 	C:\Program Files\Java\jre1.8.0_171\bin\api-ms-win-core-processthreads-l1-1-0.dll
0x000000001ae30000 - 0x000000001ae33000 	C:\Program Files\Java\jre1.8.0_171\bin\api-ms-win-core-processthreads-l1-1-1.dll
0x000000001ae40000 - 0x000000001ae43000 	C:\Program Files\Java\jre1.8.0_171\bin\api-ms-win-core-profile-l1-1-0.dll
0x000000001ae50000 - 0x000000001ae53000 	C:\Program Files\Java\jre1.8.0_171\bin\api-ms-win-core-rtlsupport-l1-1-0.dll
0x000000001ae60000 - 0x000000001ae63000 	C:\Program Files\Java\jre1.8.0_171\bin\api-ms-win-core-string-l1-1-0.dll
0x000000001ae70000 - 0x000000001ae73000 	C:\Program Files\Java\jre1.8.0_171\bin\api-ms-win-core-synch-l1-1-0.dll
0x000000001ae80000 - 0x000000001ae83000 	C:\Program Files\Java\jre1.8.0_171\bin\api-ms-win-core-synch-l1-2-0.dll

VM Arguments:
jvm_args: -Xmx256m 
java_command: org.tlauncher.tlauncher.rmo.TLauncher
java_class_path (initial): D:\TLauncher-2.22.exe;C:\Users\Administrator\AppData\Roaming\.minecraft\tlauncher_libraries\com\google\inject\guice\4.1.0\guice-4.1.0.jar;C:\Users\Administrator\AppData\Roaming\.minecraft\tlauncher_libraries\com\google\inject\extentions\guice-assistedinject\4.1.0\guice-assistedinject-4.1.0.jar;C:\Users\Administrator\AppData\Roaming\.minecraft\tlauncher_libraries\javax\inject\javax.inject\1\javax.inject-1.jar;C:\Users\Administrator\AppData\Roaming\.minecraft\tlauncher_libraries\aopalliance\aopalliance\1.0\aopalliance-1.0.jar;C:\Users\Administrator\AppData\Roaming\.minecraft\tlauncher_libraries\com\google\guava\guava\19.0\guava-19.0.jar;C:\Users\Administrator\AppData\Roaming\.minecraft\tlauncher_libraries\org\apache\commons\commons-lang3\3.4\commons-lang3-3.4.jar;C:\Users\Administrator\AppData\Roaming\.minecraft\tlauncher_libraries\net\sf\jopt-simple\jopt-simple\4.9\jopt-simple-4.9.jar;C:\Users\Administrator\AppData\Roaming\.minecraft\tlauncher_libraries\log4j\log4j\1.2.17\log4j-1.2.17.jar;C:\Users\Administrator\AppData\Roaming\.minecraft\tlauncher_libraries\org\tukaani\xz\1.5\xz-1.5.jar;C:\Users\Administrator\AppData\Roaming\.minecraft\tlauncher_libraries\org\jsoup\jsoup\1.8.3\jsoup-1.8.3.jar;C:\Users\Administrator\AppData\Roaming\.minecraft\tlauncher_libraries\org\tlauncher\picture-bundle\2.5\picture-bundle-2.5.jar;C:\Users\Administrator\AppData\Roaming\.minecraft\tlauncher_libraries\org\tlauncher\skin-server-API\1.0\skin-server-API-1.0.jar;C:\Users\Administrator\AppData\Roaming\.minecraft\tlauncher_libraries\org\tlauncher\tlauncher-resource\1.4\tlauncher-resource-1.4.jar;C:\Users\Administrator\AppData\Roaming\.minecraft\tlauncher_libraries\com\github\junrar\junrar\0.7\junrar-0.7.jar;
Launcher Type: SUN_STANDARD

Environment Variables:
JAVA_HOME=C:\Program Files\Java\jre1.8.0_152
CLASSPATH=%classpath%
USERNAME=Administrator
OS=Windows_NT
PROCESSOR_IDENTIFIER=Intel64 Family 6 Model 69 Stepping 1, GenuineIntel



---------------  S Y S T E M  ---------------

OS: Windows 10.0 , 64 bit Build 17134 (10.0.17134.1)

CPU:total 4 (initial active 4) (2 cores per cpu, 2 threads per core) family 6 model 69 stepping 1, cmov, cx8, fxsr, mmx, sse, sse2, sse3, ssse3, sse4.1, sse4.2, popcnt, avx, avx2, aes, clmul, erms, lzcnt, ht, tsc, tscinvbit, bmi1, bmi2

Memory: 4k page, physical 8294176k(4135164k free), swap 9439272k(2674504k free)

vm_info: Java HotSpot(TM) 64-Bit Server VM (25.171-b11) for windows-amd64 JRE (1.8.0_171-b11), built on Mar 28 2018 16:06:12 by "java_re" with MS VC++ 10.0 (VS2010)

time: Sat Dec 08 20:36:42 2018
elapsed time: 337 seconds (0d 0h 5m 37s)

